This is pdfTeX, Version 3.14159265-2.6-1.40.18 (MiKTeX 2.9.6500 64-bit) (preloaded format=pdflatex 2018.1.17)  5 FEB 2018 11:59
entering extended mode
**"./individuell rapport.tex"
("individuell rapport.tex"
LaTeX2e <2017-04-15>
Babel <3.15> and hyphenation patterns for 75 language(s) loaded.
("C:\Program Files\MiKTeX 2.9\tex\latex\extsizes\extbook.cls"
Document Class: extbook 1999/01/07 v1.4a NON-Standard LaTeX document class
("C:\Program Files\MiKTeX 2.9\tex\latex\base\bk12.clo"
File: bk12.clo 2014/09/29 v1.4h Standard LaTeX file (size option)
)
("C:\Program Files\MiKTeX 2.9\tex\latex\base\exscale.sty"
Package: exscale 2014/09/29 v2.1h Standard LaTeX package exscale
LaTeX Font Info:    Redeclaring symbol font `largesymbols' on input line 57.
LaTeX Font Info:    Overwriting symbol font `largesymbols' in version `normal'
(Font)                  OMX/cmex/m/n --> OMX/cmex/m/n on input line 57.
LaTeX Font Info:    Overwriting symbol font `largesymbols' in version `bold'
(Font)                  OMX/cmex/m/n --> OMX/cmex/m/n on input line 57.
\big@size=\dimen102
)
\c@part=\count79
\c@chapter=\count80
\c@section=\count81
\c@subsection=\count82
\c@subsubsection=\count83
\c@paragraph=\count84
\c@subparagraph=\count85
\c@figure=\count86
\c@table=\count87
\abovecaptionskip=\skip41
\belowcaptionskip=\skip42
\bibindent=\dimen103
)
("C:\Program Files\MiKTeX 2.9\tex\latex\base\inputenc.sty"
Package: inputenc 2015/03/17 v1.2c Input encoding file
\inpenc@prehook=\toks14
\inpenc@posthook=\toks15

("C:\Program Files\MiKTeX 2.9\tex\latex\base\utf8.def"
File: utf8.def 2017/01/28 v1.1t UTF-8 support for inputenc
Now handling font encoding OML ...
... no UTF-8 mapping file for font encoding OML
Now handling font encoding T1 ...
... processing UTF-8 mapping file for font encoding T1

("C:\Program Files\MiKTeX 2.9\tex\latex\base\t1enc.dfu"
File: t1enc.dfu 2017/01/28 v1.1t UTF-8 support for inputenc
   defining Unicode char U+00A0 (decimal 160)
   defining Unicode char U+00A1 (decimal 161)
   defining Unicode char U+00A3 (decimal 163)
   defining Unicode char U+00AB (decimal 171)
   defining Unicode char U+00AD (decimal 173)
   defining Unicode char U+00BB (decimal 187)
   defining Unicode char U+00BF (decimal 191)
   defining Unicode char U+00C0 (decimal 192)
   defining Unicode char U+00C1 (decimal 193)
   defining Unicode char U+00C2 (decimal 194)
   defining Unicode char U+00C3 (decimal 195)
   defining Unicode char U+00C4 (decimal 196)
   defining Unicode char U+00C5 (decimal 197)
   defining Unicode char U+00C6 (decimal 198)
   defining Unicode char U+00C7 (decimal 199)
   defining Unicode char U+00C8 (decimal 200)
   defining Unicode char U+00C9 (decimal 201)
   defining Unicode char U+00CA (decimal 202)
   defining Unicode char U+00CB (decimal 203)
   defining Unicode char U+00CC (decimal 204)
   defining Unicode char U+00CD (decimal 205)
   defining Unicode char U+00CE (decimal 206)
   defining Unicode char U+00CF (decimal 207)
   defining Unicode char U+00D0 (decimal 208)
   defining Unicode char U+00D1 (decimal 209)
   defining Unicode char U+00D2 (decimal 210)
   defining Unicode char U+00D3 (decimal 211)
   defining Unicode char U+00D4 (decimal 212)
   defining Unicode char U+00D5 (decimal 213)
   defining Unicode char U+00D6 (decimal 214)
   defining Unicode char U+00D8 (decimal 216)
   defining Unicode char U+00D9 (decimal 217)
   defining Unicode char U+00DA (decimal 218)
   defining Unicode char U+00DB (decimal 219)
   defining Unicode char U+00DC (decimal 220)
   defining Unicode char U+00DD (decimal 221)
   defining Unicode char U+00DE (decimal 222)
   defining Unicode char U+00DF (decimal 223)
   defining Unicode char U+00E0 (decimal 224)
   defining Unicode char U+00E1 (decimal 225)
   defining Unicode char U+00E2 (decimal 226)
   defining Unicode char U+00E3 (decimal 227)
   defining Unicode char U+00E4 (decimal 228)
   defining Unicode char U+00E5 (decimal 229)
   defining Unicode char U+00E6 (decimal 230)
   defining Unicode char U+00E7 (decimal 231)
   defining Unicode char U+00E8 (decimal 232)
   defining Unicode char U+00E9 (decimal 233)
   defining Unicode char U+00EA (decimal 234)
   defining Unicode char U+00EB (decimal 235)
   defining Unicode char U+00EC (decimal 236)
   defining Unicode char U+00ED (decimal 237)
   defining Unicode char U+00EE (decimal 238)
   defining Unicode char U+00EF (decimal 239)
   defining Unicode char U+00F0 (decimal 240)
   defining Unicode char U+00F1 (decimal 241)
   defining Unicode char U+00F2 (decimal 242)
   defining Unicode char U+00F3 (decimal 243)
   defining Unicode char U+00F4 (decimal 244)
   defining Unicode char U+00F5 (decimal 245)
   defining Unicode char U+00F6 (decimal 246)
   defining Unicode char U+00F8 (decimal 248)
   defining Unicode char U+00F9 (decimal 249)
   defining Unicode char U+00FA (decimal 250)
   defining Unicode char U+00FB (decimal 251)
   defining Unicode char U+00FC (decimal 252)
   defining Unicode char U+00FD (decimal 253)
   defining Unicode char U+00FE (decimal 254)
   defining Unicode char U+00FF (decimal 255)
   defining Unicode char U+0100 (decimal 256)
   defining Unicode char U+0101 (decimal 257)
   defining Unicode char U+0102 (decimal 258)
   defining Unicode char U+0103 (decimal 259)
   defining Unicode char U+0104 (decimal 260)
   defining Unicode char U+0105 (decimal 261)
   defining Unicode char U+0106 (decimal 262)
   defining Unicode char U+0107 (decimal 263)
   defining Unicode char U+0108 (decimal 264)
   defining Unicode char U+0109 (decimal 265)
   defining Unicode char U+010A (decimal 266)
   defining Unicode char U+010B (decimal 267)
   defining Unicode char U+010C (decimal 268)
   defining Unicode char U+010D (decimal 269)
   defining Unicode char U+010E (decimal 270)
   defining Unicode char U+010F (decimal 271)
   defining Unicode char U+0110 (decimal 272)
   defining Unicode char U+0111 (decimal 273)
   defining Unicode char U+0112 (decimal 274)
   defining Unicode char U+0113 (decimal 275)
   defining Unicode char U+0114 (decimal 276)
   defining Unicode char U+0115 (decimal 277)
   defining Unicode char U+0116 (decimal 278)
   defining Unicode char U+0117 (decimal 279)
   defining Unicode char U+0118 (decimal 280)
   defining Unicode char U+0119 (decimal 281)
   defining Unicode char U+011A (decimal 282)
   defining Unicode char U+011B (decimal 283)
   defining Unicode char U+011C (decimal 284)
   defining Unicode char U+011D (decimal 285)
   defining Unicode char U+011E (decimal 286)
   defining Unicode char U+011F (decimal 287)
   defining Unicode char U+0120 (decimal 288)
   defining Unicode char U+0121 (decimal 289)
   defining Unicode char U+0122 (decimal 290)
   defining Unicode char U+0123 (decimal 291)
   defining Unicode char U+0124 (decimal 292)
   defining Unicode char U+0125 (decimal 293)
   defining Unicode char U+0128 (decimal 296)
   defining Unicode char U+0129 (decimal 297)
   defining Unicode char U+012A (decimal 298)
   defining Unicode char U+012B (decimal 299)
   defining Unicode char U+012C (decimal 300)
   defining Unicode char U+012D (decimal 301)
   defining Unicode char U+012E (decimal 302)
   defining Unicode char U+012F (decimal 303)
   defining Unicode char U+0130 (decimal 304)
   defining Unicode char U+0131 (decimal 305)
   defining Unicode char U+0132 (decimal 306)
   defining Unicode char U+0133 (decimal 307)
   defining Unicode char U+0134 (decimal 308)
   defining Unicode char U+0135 (decimal 309)
   defining Unicode char U+0136 (decimal 310)
   defining Unicode char U+0137 (decimal 311)
   defining Unicode char U+0139 (decimal 313)
   defining Unicode char U+013A (decimal 314)
   defining Unicode char U+013B (decimal 315)
   defining Unicode char U+013C (decimal 316)
   defining Unicode char U+013D (decimal 317)
   defining Unicode char U+013E (decimal 318)
   defining Unicode char U+0141 (decimal 321)
   defining Unicode char U+0142 (decimal 322)
   defining Unicode char U+0143 (decimal 323)
   defining Unicode char U+0144 (decimal 324)
   defining Unicode char U+0145 (decimal 325)
   defining Unicode char U+0146 (decimal 326)
   defining Unicode char U+0147 (decimal 327)
   defining Unicode char U+0148 (decimal 328)
   defining Unicode char U+014A (decimal 330)
   defining Unicode char U+014B (decimal 331)
   defining Unicode char U+014C (decimal 332)
   defining Unicode char U+014D (decimal 333)
   defining Unicode char U+014E (decimal 334)
   defining Unicode char U+014F (decimal 335)
   defining Unicode char U+0150 (decimal 336)
   defining Unicode char U+0151 (decimal 337)
   defining Unicode char U+0152 (decimal 338)
   defining Unicode char U+0153 (decimal 339)
   defining Unicode char U+0154 (decimal 340)
   defining Unicode char U+0155 (decimal 341)
   defining Unicode char U+0156 (decimal 342)
   defining Unicode char U+0157 (decimal 343)
   defining Unicode char U+0158 (decimal 344)
   defining Unicode char U+0159 (decimal 345)
   defining Unicode char U+015A (decimal 346)
   defining Unicode char U+015B (decimal 347)
   defining Unicode char U+015C (decimal 348)
   defining Unicode char U+015D (decimal 349)
   defining Unicode char U+015E (decimal 350)
   defining Unicode char U+015F (decimal 351)
   defining Unicode char U+0160 (decimal 352)
   defining Unicode char U+0161 (decimal 353)
   defining Unicode char U+0162 (decimal 354)
   defining Unicode char U+0163 (decimal 355)
   defining Unicode char U+0164 (decimal 356)
   defining Unicode char U+0165 (decimal 357)
   defining Unicode char U+0168 (decimal 360)
   defining Unicode char U+0169 (decimal 361)
   defining Unicode char U+016A (decimal 362)
   defining Unicode char U+016B (decimal 363)
   defining Unicode char U+016C (decimal 364)
   defining Unicode char U+016D (decimal 365)
   defining Unicode char U+016E (decimal 366)
   defining Unicode char U+016F (decimal 367)
   defining Unicode char U+0170 (decimal 368)
   defining Unicode char U+0171 (decimal 369)
   defining Unicode char U+0172 (decimal 370)
   defining Unicode char U+0173 (decimal 371)
   defining Unicode char U+0174 (decimal 372)
   defining Unicode char U+0175 (decimal 373)
   defining Unicode char U+0176 (decimal 374)
   defining Unicode char U+0177 (decimal 375)
   defining Unicode char U+0178 (decimal 376)
   defining Unicode char U+0179 (decimal 377)
   defining Unicode char U+017A (decimal 378)
   defining Unicode char U+017B (decimal 379)
   defining Unicode char U+017C (decimal 380)
   defining Unicode char U+017D (decimal 381)
   defining Unicode char U+017E (decimal 382)
   defining Unicode char U+01CD (decimal 461)
   defining Unicode char U+01CE (decimal 462)
   defining Unicode char U+01CF (decimal 463)
   defining Unicode char U+01D0 (decimal 464)
   defining Unicode char U+01D1 (decimal 465)
   defining Unicode char U+01D2 (decimal 466)
   defining Unicode char U+01D3 (decimal 467)
   defining Unicode char U+01D4 (decimal 468)
   defining Unicode char U+01E2 (decimal 482)
   defining Unicode char U+01E3 (decimal 483)
   defining Unicode char U+01E6 (decimal 486)
   defining Unicode char U+01E7 (decimal 487)
   defining Unicode char U+01E8 (decimal 488)
   defining Unicode char U+01E9 (decimal 489)
   defining Unicode char U+01EA (decimal 490)
   defining Unicode char U+01EB (decimal 491)
   defining Unicode char U+01F0 (decimal 496)
   defining Unicode char U+01F4 (decimal 500)
   defining Unicode char U+01F5 (decimal 501)
   defining Unicode char U+0218 (decimal 536)
   defining Unicode char U+0219 (decimal 537)
   defining Unicode char U+021A (decimal 538)
   defining Unicode char U+021B (decimal 539)
   defining Unicode char U+0232 (decimal 562)
   defining Unicode char U+0233 (decimal 563)
   defining Unicode char U+1E02 (decimal 7682)
   defining Unicode char U+1E03 (decimal 7683)
   defining Unicode char U+200C (decimal 8204)
   defining Unicode char U+2010 (decimal 8208)
   defining Unicode char U+2011 (decimal 8209)
   defining Unicode char U+2012 (decimal 8210)
   defining Unicode char U+2013 (decimal 8211)
   defining Unicode char U+2014 (decimal 8212)
   defining Unicode char U+2015 (decimal 8213)
   defining Unicode char U+2018 (decimal 8216)
   defining Unicode char U+2019 (decimal 8217)
   defining Unicode char U+201A (decimal 8218)
   defining Unicode char U+201C (decimal 8220)
   defining Unicode char U+201D (decimal 8221)
   defining Unicode char U+201E (decimal 8222)
   defining Unicode char U+2030 (decimal 8240)
   defining Unicode char U+2031 (decimal 8241)
   defining Unicode char U+2039 (decimal 8249)
   defining Unicode char U+203A (decimal 8250)
   defining Unicode char U+2423 (decimal 9251)
   defining Unicode char U+1E20 (decimal 7712)
   defining Unicode char U+1E21 (decimal 7713)
)
Now handling font encoding OT1 ...
... processing UTF-8 mapping file for font encoding OT1

("C:\Program Files\MiKTeX 2.9\tex\latex\base\ot1enc.dfu"
File: ot1enc.dfu 2017/01/28 v1.1t UTF-8 support for inputenc
   defining Unicode char U+00A0 (decimal 160)
   defining Unicode char U+00A1 (decimal 161)
   defining Unicode char U+00A3 (decimal 163)
   defining Unicode char U+00AD (decimal 173)
   defining Unicode char U+00B8 (decimal 184)
   defining Unicode char U+00BF (decimal 191)
   defining Unicode char U+00C5 (decimal 197)
   defining Unicode char U+00C6 (decimal 198)
   defining Unicode char U+00D8 (decimal 216)
   defining Unicode char U+00DF (decimal 223)
   defining Unicode char U+00E6 (decimal 230)
   defining Unicode char U+00EC (decimal 236)
   defining Unicode char U+00ED (decimal 237)
   defining Unicode char U+00EE (decimal 238)
   defining Unicode char U+00EF (decimal 239)
   defining Unicode char U+00F8 (decimal 248)
   defining Unicode char U+0131 (decimal 305)
   defining Unicode char U+0141 (decimal 321)
   defining Unicode char U+0142 (decimal 322)
   defining Unicode char U+0152 (decimal 338)
   defining Unicode char U+0153 (decimal 339)
   defining Unicode char U+0174 (decimal 372)
   defining Unicode char U+0175 (decimal 373)
   defining Unicode char U+0176 (decimal 374)
   defining Unicode char U+0177 (decimal 375)
   defining Unicode char U+0218 (decimal 536)
   defining Unicode char U+0219 (decimal 537)
   defining Unicode char U+021A (decimal 538)
   defining Unicode char U+021B (decimal 539)
   defining Unicode char U+2013 (decimal 8211)
   defining Unicode char U+2014 (decimal 8212)
   defining Unicode char U+2018 (decimal 8216)
   defining Unicode char U+2019 (decimal 8217)
   defining Unicode char U+201C (decimal 8220)
   defining Unicode char U+201D (decimal 8221)
)
Now handling font encoding OMS ...
... processing UTF-8 mapping file for font encoding OMS

("C:\Program Files\MiKTeX 2.9\tex\latex\base\omsenc.dfu"
File: omsenc.dfu 2017/01/28 v1.1t UTF-8 support for inputenc
   defining Unicode char U+00A7 (decimal 167)
   defining Unicode char U+00B6 (decimal 182)
   defining Unicode char U+00B7 (decimal 183)
   defining Unicode char U+2020 (decimal 8224)
   defining Unicode char U+2021 (decimal 8225)
   defining Unicode char U+2022 (decimal 8226)
)
Now handling font encoding OMX ...
... no UTF-8 mapping file for font encoding OMX
Now handling font encoding U ...
... no UTF-8 mapping file for font encoding U
   defining Unicode char U+00A9 (decimal 169)
   defining Unicode char U+00AA (decimal 170)
   defining Unicode char U+00AE (decimal 174)
   defining Unicode char U+00BA (decimal 186)
   defining Unicode char U+02C6 (decimal 710)
   defining Unicode char U+02DC (decimal 732)
   defining Unicode char U+200C (decimal 8204)
   defining Unicode char U+2026 (decimal 8230)
   defining Unicode char U+2122 (decimal 8482)
   defining Unicode char U+2423 (decimal 9251)
))
("C:\Program Files\MiKTeX 2.9\tex\latex\base\fontenc.sty"
Package: fontenc 2017/04/05 v2.0i Standard LaTeX package

("C:\Program Files\MiKTeX 2.9\tex\latex\base\t1enc.def"
File: t1enc.def 2017/04/05 v2.0i Standard LaTeX file
LaTeX Font Info:    Redeclaring font encoding T1 on input line 48.
))
("C:\Program Files\MiKTeX 2.9\tex\latex\graphics\graphicx.sty"
Package: graphicx 2017/06/01 v1.1a Enhanced LaTeX Graphics (DPC,SPQR)

("C:\Program Files\MiKTeX 2.9\tex\latex\graphics\keyval.sty"
Package: keyval 2014/10/28 v1.15 key=value parser (DPC)
\KV@toks@=\toks16
)
("C:\Program Files\MiKTeX 2.9\tex\latex\graphics\graphics.sty"
Package: graphics 2017/06/25 v1.2c Standard LaTeX Graphics (DPC,SPQR)

("C:\Program Files\MiKTeX 2.9\tex\latex\graphics\trig.sty"
Package: trig 2016/01/03 v1.10 sin cos tan (DPC)
)
("C:\Program Files\MiKTeX 2.9\tex\latex\graphics-cfg\graphics.cfg"
File: graphics.cfg 2016/06/04 v1.11 sample graphics configuration
)
Package graphics Info: Driver file: pdftex.def on input line 99.

("C:\Program Files\MiKTeX 2.9\tex\latex\graphics-def\pdftex.def"
File: pdftex.def 2017/06/24 v1.0g Graphics/color driver for pdftex
))
\Gin@req@height=\dimen104
\Gin@req@width=\dimen105
)
("C:\Program Files\MiKTeX 2.9\tex\latex\psnfss\times.sty"
Package: times 2005/04/12 PSNFSS-v9.2a (SPQR) 
)
("C:\Program Files\MiKTeX 2.9\tex\generic\babel\babel.sty"
Package: babel 2017/11/03 3.15 The Babel package

("C:\Program Files\MiKTeX 2.9\tex\generic\babel\switch.def"
File: switch.def 2017/11/03 3.15 Babel switching mechanism
)
*************************************
* Local config file bblopts.cfg used
*
("C:\Program Files\MiKTeX 2.9\tex\latex\arabi\bblopts.cfg"
File: bblopts.cfg 2005/09/08 v0.1 add Arabic and Farsi to "declared" options of
 babel
)
("C:\Program Files\MiKTeX 2.9\tex\latex\babel-english\english.ldf"
Language: english 2017/06/06 v3.3r English support from the babel system

("C:\Program Files\MiKTeX 2.9\tex\generic\babel\babel.def"
File: babel.def 2017/11/03 3.15 Babel common definitions

("C:\Program Files\MiKTeX 2.9\tex\generic\babel\switch.def"
File: switch.def 2017/11/03 3.15 Babel switching mechanism
)
\babel@savecnt=\count88
\U@D=\dimen106
)
\l@canadian = a dialect from \language\l@american 
\l@australian = a dialect from \language\l@british 
\l@newzealand = a dialect from \language\l@british 
)
("C:\Program Files\MiKTeX 2.9\tex\latex\babel-swedish\swedish.ldf"
Language: swedish 2005/03/31 v2.3d Swedish support from the babel system
Package babel Info: Making " an active character on input line 90.
))
("C:\Program Files\MiKTeX 2.9\tex\latex\adjustbox\adjustbox.sty"
Package: adjustbox 2012/05/21 v1.0 Adjusting TeX boxes (trim, clip, ...)

("C:\Program Files\MiKTeX 2.9\tex\latex\xkeyval\xkeyval.sty"
Package: xkeyval 2014/12/03 v2.7a package option processing (HA)

("C:\Program Files\MiKTeX 2.9\tex\generic\xkeyval\xkeyval.tex"
("C:\Program Files\MiKTeX 2.9\tex\generic\xkeyval\xkvutils.tex"
\XKV@toks=\toks17
\XKV@tempa@toks=\toks18
)
\XKV@depth=\count89
File: xkeyval.tex 2014/12/03 v2.7a key=value parser (HA)
))
("C:\Program Files\MiKTeX 2.9\tex\latex\adjustbox\adjcalc.sty"
Package: adjcalc 2012/05/16 v1.1 Provides advanced setlength with multiple back
-ends (calc, etex, pgfmath)
)
("C:\Program Files\MiKTeX 2.9\tex\latex\adjustbox\trimclip.sty"
Package: trimclip 2012/05/16 v1.0 Trim and clip general TeX material

("C:\Program Files\MiKTeX 2.9\tex\latex\collectbox\collectbox.sty"
Package: collectbox 2012/05/17 v0.4b Collect macro arguments as boxes
\collectedbox=\box26
)
\tc@llx=\dimen107
\tc@lly=\dimen108
\tc@urx=\dimen109
\tc@ury=\dimen110
Package trimclip Info: Using driver 'tc-pdftex.def'.

("C:\Program Files\MiKTeX 2.9\tex\latex\adjustbox\tc-pdftex.def"
File: tc-pdftex.def 2012/05/13 v1.0 Clipping driver for pdftex
))
\adjbox@Width=\dimen111
\adjbox@Height=\dimen112
\adjbox@Depth=\dimen113
\adjbox@Totalheight=\dimen114

("C:\Program Files\MiKTeX 2.9\tex\latex\ifoddpage\ifoddpage.sty"
Package: ifoddpage 2016/04/23 v1.1 Conditionals for odd/even page detection
\c@checkoddpage=\count90
)
("C:\Program Files\MiKTeX 2.9\tex\latex\ltxmisc\varwidth.sty"
Package: varwidth 2009/03/30 ver 0.92;  Variable-width minipages
\@vwid@box=\box27
\sift@deathcycles=\count91
\@vwid@loff=\dimen115
\@vwid@roff=\dimen116
))
("C:\Program Files\MiKTeX 2.9\tex\latex\geometry\geometry.sty"
Package: geometry 2010/09/12 v5.6 Page Geometry

("C:\Program Files\MiKTeX 2.9\tex\generic\oberdiek\ifpdf.sty"
Package: ifpdf 2017/03/15 v3.2 Provides the ifpdf switch
)
("C:\Program Files\MiKTeX 2.9\tex\generic\oberdiek\ifvtex.sty"
Package: ifvtex 2016/05/16 v1.6 Detect VTeX and its facilities (HO)
Package ifvtex Info: VTeX not detected.
)
("C:\Program Files\MiKTeX 2.9\tex\generic\ifxetex\ifxetex.sty"
Package: ifxetex 2010/09/12 v0.6 Provides ifxetex conditional
)
\Gm@cnth=\count92
\Gm@cntv=\count93
\c@Gm@tempcnt=\count94
\Gm@bindingoffset=\dimen117
\Gm@wd@mp=\dimen118
\Gm@odd@mp=\dimen119
\Gm@even@mp=\dimen120
\Gm@layoutwidth=\dimen121
\Gm@layoutheight=\dimen122
\Gm@layouthoffset=\dimen123
\Gm@layoutvoffset=\dimen124
\Gm@dimlist=\toks19

("C:\Program Files\MiKTeX 2.9\tex\latex\geometry\geometry.cfg"))
("C:\Program Files\MiKTeX 2.9\tex\latex\tools\array.sty"
Package: array 2016/10/06 v2.4d Tabular extension package (FMi)
\col@sep=\dimen125
\extrarowheight=\dimen126
\NC@list=\toks20
\extratabsurround=\skip43
\backup@length=\skip44
)
("C:\Program Files\MiKTeX 2.9\tex\latex\tools\tabularx.sty"
Package: tabularx 2016/02/03 v2.11 `tabularx' package (DPC)
\TX@col@width=\dimen127
\TX@old@table=\dimen128
\TX@old@col=\dimen129
\TX@target=\dimen130
\TX@delta=\dimen131
\TX@cols=\count95
\TX@ftn=\toks21
)
("C:\Program Files\MiKTeX 2.9\tex\latex\fancyhdr\fancyhdr.sty"
Package: fancyhdr 2017/06/30 v3.9a Extensive control of page headers and footer
s
\f@nch@headwidth=\skip45
\f@nch@O@elh=\skip46
\f@nch@O@erh=\skip47
\f@nch@O@olh=\skip48
\f@nch@O@orh=\skip49
\f@nch@O@elf=\skip50
\f@nch@O@erf=\skip51
\f@nch@O@olf=\skip52
\f@nch@O@orf=\skip53
)
("C:\Program Files\MiKTeX 2.9\tex\latex\titling\titling.sty"
Package: titling 2009/09/04 v2.1d maketitle typesetting
\thanksmarkwidth=\skip54
\thanksmargin=\skip55
\droptitle=\skip56
)
("C:\Program Files\MiKTeX 2.9\tex\latex\graphics\lscape.sty"
Package: lscape 2000/10/22 v3.01 Landscape Pages (DPC)
)
("C:\Program Files\MiKTeX 2.9\tex\latex\graphics\color.sty"
Package: color 2016/07/10 v1.1e Standard LaTeX Color (DPC)

("C:\Program Files\MiKTeX 2.9\tex\latex\graphics-cfg\color.cfg"
File: color.cfg 2016/01/02 v1.6 sample color configuration
)
Package color Info: Driver file: pdftex.def on input line 147.
)
("C:\Program Files\MiKTeX 2.9\tex\latex\hyperref\hyperref.sty"
Package: hyperref 2017/03/14 v6.85a Hypertext links for LaTeX

("C:\Program Files\MiKTeX 2.9\tex\generic\oberdiek\hobsub-hyperref.sty"
Package: hobsub-hyperref 2016/05/16 v1.14 Bundle oberdiek, subset hyperref (HO)


("C:\Program Files\MiKTeX 2.9\tex\generic\oberdiek\hobsub-generic.sty"
Package: hobsub-generic 2016/05/16 v1.14 Bundle oberdiek, subset generic (HO)
Package: hobsub 2016/05/16 v1.14 Construct package bundles (HO)
Package: infwarerr 2016/05/16 v1.4 Providing info/warning/error messages (HO)
Package: ltxcmds 2016/05/16 v1.23 LaTeX kernel commands for general use (HO)
Package: ifluatex 2016/05/16 v1.4 Provides the ifluatex switch (HO)
Package ifluatex Info: LuaTeX not detected.
Package hobsub Info: Skipping package `ifvtex' (already loaded).
Package: intcalc 2016/05/16 v1.2 Expandable calculations with integers (HO)
Package hobsub Info: Skipping package `ifpdf' (already loaded).
Package: etexcmds 2016/05/16 v1.6 Avoid name clashes with e-TeX commands (HO)
Package etexcmds Info: Could not find \expanded.
(etexcmds)             That can mean that you are not using pdfTeX 1.50 or
(etexcmds)             that some package has redefined \expanded.
(etexcmds)             In the latter case, load this package earlier.
Package: kvsetkeys 2016/05/16 v1.17 Key value parser (HO)
Package: kvdefinekeys 2016/05/16 v1.4 Define keys (HO)
Package: pdftexcmds 2017/03/19 v0.25 Utility functions of pdfTeX for LuaTeX (HO
)
Package pdftexcmds Info: LuaTeX not detected.
Package pdftexcmds Info: \pdf@primitive is available.
Package pdftexcmds Info: \pdf@ifprimitive is available.
Package pdftexcmds Info: \pdfdraftmode found.
Package: pdfescape 2016/05/16 v1.14 Implements pdfTeX's escape features (HO)
Package: bigintcalc 2016/05/16 v1.4 Expandable calculations on big integers (HO
)
Package: bitset 2016/05/16 v1.2 Handle bit-vector datatype (HO)
Package: uniquecounter 2016/05/16 v1.3 Provide unlimited unique counter (HO)
)
Package hobsub Info: Skipping package `hobsub' (already loaded).
Package: letltxmacro 2016/05/16 v1.5 Let assignment for LaTeX macros (HO)
Package: hopatch 2016/05/16 v1.3 Wrapper for package hooks (HO)
Package: xcolor-patch 2016/05/16 xcolor patch
Package: atveryend 2016/05/16 v1.9 Hooks at the very end of document (HO)
Package atveryend Info: \enddocument detected (standard20110627).
Package: atbegshi 2016/06/09 v1.18 At begin shipout hook (HO)
Package: refcount 2016/05/16 v3.5 Data extraction from label references (HO)
Package: hycolor 2016/05/16 v1.8 Color options for hyperref/bookmark (HO)
)
("C:\Program Files\MiKTeX 2.9\tex\latex\oberdiek\auxhook.sty"
Package: auxhook 2016/05/16 v1.4 Hooks for auxiliary files (HO)
)
("C:\Program Files\MiKTeX 2.9\tex\latex\oberdiek\kvoptions.sty"
Package: kvoptions 2016/05/16 v3.12 Key value format for package options (HO)
)
\@linkdim=\dimen132
\Hy@linkcounter=\count96
\Hy@pagecounter=\count97

("C:\Program Files\MiKTeX 2.9\tex\latex\hyperref\pd1enc.def"
File: pd1enc.def 2017/03/14 v6.85a Hyperref: PDFDocEncoding definition (HO)
Now handling font encoding PD1 ...
... no UTF-8 mapping file for font encoding PD1
)
\Hy@SavedSpaceFactor=\count98

("C:\Program Files\MiKTeX 2.9\tex\latex\00miktex\hyperref.cfg"
File: hyperref.cfg 2002/06/06 v1.2 hyperref configuration of TeXLive
)
Package hyperref Info: Option `final' set `true' on input line 4374.
Package hyperref Info: Option `colorlinks' set `true' on input line 4374.
Package hyperref Info: Option `bookmarks' set `true' on input line 4374.
Package hyperref Info: Option `bookmarksopen' set `false' on input line 4374.
Package hyperref Info: Option `bookmarksnumbered' set `true' on input line 4374
.
Package hyperref Info: Hyper figures OFF on input line 4498.
Package hyperref Info: Link nesting OFF on input line 4503.
Package hyperref Info: Hyper index ON on input line 4506.
Package hyperref Info: Plain pages OFF on input line 4513.
Package hyperref Info: Backreferencing OFF on input line 4518.
Package hyperref Info: Implicit mode ON; LaTeX internals redefined.
Package hyperref Info: Bookmarks ON on input line 4751.
\c@Hy@tempcnt=\count99

("C:\Program Files\MiKTeX 2.9\tex\latex\url\url.sty"
\Urlmuskip=\muskip10
Package: url 2013/09/16  ver 3.4  Verb mode for urls, etc.
)
LaTeX Info: Redefining \url on input line 5104.
\XeTeXLinkMargin=\dimen133
\Fld@menulength=\count100
\Field@Width=\dimen134
\Fld@charsize=\dimen135
Package hyperref Info: Hyper figures OFF on input line 6358.
Package hyperref Info: Link nesting OFF on input line 6363.
Package hyperref Info: Hyper index ON on input line 6366.
Package hyperref Info: backreferencing OFF on input line 6373.
Package hyperref Info: Link coloring ON on input line 6376.
Package hyperref Info: Link coloring with OCG OFF on input line 6383.
Package hyperref Info: PDF/A mode OFF on input line 6388.
LaTeX Info: Redefining \ref on input line 6428.
LaTeX Info: Redefining \pageref on input line 6432.
\Hy@abspage=\count101
\c@Item=\count102
\c@Hfootnote=\count103
)

Package hyperref Message: Driver: hpdftex.

("C:\Program Files\MiKTeX 2.9\tex\latex\hyperref\hpdftex.def"
File: hpdftex.def 2017/03/14 v6.85a Hyperref driver for pdfTeX
\Fld@listcount=\count104
\c@bookmark@seq@number=\count105

("C:\Program Files\MiKTeX 2.9\tex\latex\oberdiek\rerunfilecheck.sty"
Package: rerunfilecheck 2016/05/16 v1.8 Rerun checks for auxiliary files (HO)
Package uniquecounter Info: New unique counter `rerunfilecheck' on input line 2
82.
)
\Hy@SectionHShift=\skip57
)
("individuell rapport.aux")
\openout1 = `"individuell rapport.aux"'.

LaTeX Font Info:    Checking defaults for OML/cmm/m/it on input line 49.
LaTeX Font Info:    ... okay on input line 49.
LaTeX Font Info:    Checking defaults for T1/cmr/m/n on input line 49.
LaTeX Font Info:    ... okay on input line 49.
LaTeX Font Info:    Checking defaults for OT1/cmr/m/n on input line 49.
LaTeX Font Info:    ... okay on input line 49.
LaTeX Font Info:    Checking defaults for OMS/cmsy/m/n on input line 49.
LaTeX Font Info:    ... okay on input line 49.
LaTeX Font Info:    Checking defaults for OMX/cmex/m/n on input line 49.
LaTeX Font Info:    ... okay on input line 49.
LaTeX Font Info:    Checking defaults for U/cmr/m/n on input line 49.
LaTeX Font Info:    ... okay on input line 49.
LaTeX Font Info:    Checking defaults for PD1/pdf/m/n on input line 49.
LaTeX Font Info:    ... okay on input line 49.
LaTeX Font Info:    Try loading font information for T1+ptm on input line 49.

("C:\Program Files\MiKTeX 2.9\tex\latex\psnfss\t1ptm.fd"
File: t1ptm.fd 2001/06/04 font definitions for T1/ptm.
)
("C:\Program Files\MiKTeX 2.9\tex\context\base\supp-pdf.mkii"
[Loading MPS to PDF converter (version 2006.09.02).]
\scratchcounter=\count106
\scratchdimen=\dimen136
\scratchbox=\box28
\nofMPsegments=\count107
\nofMParguments=\count108
\everyMPshowfont=\toks22
\MPscratchCnt=\count109
\MPscratchDim=\dimen137
\MPnumerator=\count110
\makeMPintoPDFobject=\count111
\everyMPtoPDFconversion=\toks23
) ("C:\Program Files\MiKTeX 2.9\tex\latex\oberdiek\epstopdf-base.sty"
Package: epstopdf-base 2016/05/15 v2.6 Base part for package epstopdf

("C:\Program Files\MiKTeX 2.9\tex\latex\oberdiek\grfext.sty"
Package: grfext 2016/05/16 v1.2 Manage graphics extensions (HO)
)
Package epstopdf-base Info: Redefining graphics rule for `.eps' on input line 4
38.
Package grfext Info: Graphics extension search list:
(grfext)             [.pdf,.png,.jpg,.mps,.jpeg,.jbig2,.jb2,.PDF,.PNG,.JPG,.JPE
G,.JBIG2,.JB2,.eps]
(grfext)             \AppendGraphicsExtensions on input line 456.
)
*geometry* driver: auto-detecting
*geometry* detected driver: pdftex
*geometry* verbose mode - [ preamble ] result:
* driver: pdftex
* paper: a4paper
* layout: <same size as paper>
* layoutoffset:(h,v)=(0.0pt,0.0pt)
* modes: 
* h-part:(L,W,R)=(56.9055pt, 483.69687pt, 56.9055pt)
* v-part:(T,H,B)=(56.9055pt, 731.23584pt, 56.9055pt)
* \paperwidth=597.50787pt
* \paperheight=845.04684pt
* \textwidth=483.69687pt
* \textheight=731.23584pt
* \oddsidemargin=-15.36449pt
* \evensidemargin=-15.36449pt
* \topmargin=-47.23828pt
* \headheight=12.0pt
* \headsep=19.8738pt
* \topskip=12.0pt
* \footskip=30.0pt
* \marginparwidth=38.0pt
* \marginparsep=7.0pt
* \columnsep=10.0pt
* \skip\footins=10.8pt plus 4.0pt minus 2.0pt
* \hoffset=0.0pt
* \voffset=0.0pt
* \mag=1000
* \@twocolumnfalse
* \@twosidefalse
* \@mparswitchfalse
* \@reversemarginfalse
* (1in=72.27pt=25.4mm, 1cm=28.453pt)

\AtBeginShipoutBox=\box29
Package hyperref Info: Link coloring ON on input line 49.
("C:\Program Files\MiKTeX 2.9\tex\latex\hyperref\nameref.sty"
Package: nameref 2016/05/21 v2.44 Cross-referencing by name of section

("C:\Program Files\MiKTeX 2.9\tex\generic\oberdiek\gettitlestring.sty"
Package: gettitlestring 2016/05/16 v1.5 Cleanup title references (HO)
)
\c@section@level=\count112
)
LaTeX Info: Redefining \ref on input line 49.
LaTeX Info: Redefining \pageref on input line 49.
LaTeX Info: Redefining \nameref on input line 49.

("individuell rapport.out") ("individuell rapport.out")
\@outlinefile=\write3
\openout3 = `"individuell rapport.out"'.

LaTeX Font Info:    External font `cmex7' loaded for size
(Font)              <7> on input line 57.
Package babel Info: Redefining swedish shorthand "|
(babel)             in language  on input line 57.
Package babel Info: Redefining swedish shorthand "~
(babel)             in language  on input line 57.
Package babel Info: Redefining swedish shorthand "|
(babel)             in language  on input line 57.
Package babel Info: Redefining swedish shorthand "~
(babel)             in language  on input line 57.
 [1



{C:/Users/Daniel olsson/AppData/Local/MiKTeX/2.9/pdftex/config/pdftex.map}]
Package babel Info: Redefining swedish shorthand "|
(babel)             in language  on input line 60.
Package babel Info: Redefining swedish shorthand "~
(babel)             in language  on input line 60.
LaTeX Font Info:    Font shape `T1/ptm/bx/n' in size <24.88> not available
(Font)              Font shape `T1/ptm/b/n' tried instead on input line 60.
Package babel Info: Redefining swedish shorthand "|
(babel)             in language  on input line 71.
Package babel Info: Redefining swedish shorthand "~
(babel)             in language  on input line 71.
Package babel Info: Redefining swedish shorthand "|
(babel)             in language  on input line 71.
Package babel Info: Redefining swedish shorthand "~
(babel)             in language  on input line 71.
pdfTeX warning (ext4): destination with the same identifier (name{page.i}) has 
been already used, duplicate ignored
<to be read again> 
                   \relax 
l.71 \tableofcontents
                      [1

] ("individuell rapport.toc"
LaTeX Font Info:    Font shape `T1/ptm/bx/n' in size <12> not available
(Font)              Font shape `T1/ptm/b/n' tried instead on input line 2.
LaTeX Font Info:    External font `cmex7' loaded for size
(Font)              <6> on input line 6.
Package babel Info: Redefining swedish shorthand "|
(babel)             in language  on input line 29.
Package babel Info: Redefining swedish shorthand "~
(babel)             in language  on input line 29.
Package babel Info: Redefining swedish shorthand "|
(babel)             in language  on input line 29.
Package babel Info: Redefining swedish shorthand "~
(babel)             in language  on input line 29.
 [2

])
\tf@toc=\write4
\openout4 = `"individuell rapport.toc"'.



Package Fancyhdr Warning: \headheight is too small (12.0pt): 
 Make it at least 15.13202pt.
 We now make it that large for the rest of the document.
 This may cause the page layout to be inconsistent, however.

Package babel Info: Redefining swedish shorthand "|
(babel)             in language  on input line 73.
Package babel Info: Redefining swedish shorthand "~
(babel)             in language  on input line 73.
Package babel Info: Redefining swedish shorthand "|
(babel)             in language  on input line 73.
Package babel Info: Redefining swedish shorthand "~
(babel)             in language  on input line 73.
[3]
Package babel Info: Redefining swedish shorthand "|
(babel)             in language  on input line 75.
Package babel Info: Redefining swedish shorthand "~
(babel)             in language  on input line 75.
 ("individuell rapport.lof")
\tf@lof=\write5
\openout5 = `"individuell rapport.lof"'.

Package babel Info: Redefining swedish shorthand "|
(babel)             in language  on input line 78.
Package babel Info: Redefining swedish shorthand "~
(babel)             in language  on input line 78.
Package babel Info: Redefining swedish shorthand "|
(babel)             in language  on input line 78.
Package babel Info: Redefining swedish shorthand "~
(babel)             in language  on input line 78.
 [4


]
Package babel Info: Redefining swedish shorthand "|
(babel)             in language  on input line 80.
Package babel Info: Redefining swedish shorthand "~
(babel)             in language  on input line 80.
 ("individuell rapport.lot")
\tf@lot=\write6
\openout6 = `"individuell rapport.lot"'.

Package babel Info: Redefining swedish shorthand "|
(babel)             in language  on input line 83.
Package babel Info: Redefining swedish shorthand "~
(babel)             in language  on input line 83.
Package babel Info: Redefining swedish shorthand "|
(babel)             in language  on input line 83.
Package babel Info: Redefining swedish shorthand "~
(babel)             in language  on input line 83.
 [5


]
Kapitel 1.
Package babel Info: Redefining swedish shorthand "|
(babel)             in language  on input line 85.
Package babel Info: Redefining swedish shorthand "~
(babel)             in language  on input line 85.
LaTeX Font Info:    Font shape `T1/ptm/bx/n' in size <17.28> not available
(Font)              Font shape `T1/ptm/b/n' tried instead on input line 90.
Package babel Info: Redefining swedish shorthand "|
(babel)             in language  on input line 90.
Package babel Info: Redefining swedish shorthand "~
(babel)             in language  on input line 90.
LaTeX Font Info:    External font `cmex7' loaded for size
(Font)              <5> on input line 91.
Package babel Info: Redefining swedish shorthand "|
(babel)             in language  on input line 94.
Package babel Info: Redefining swedish shorthand "~
(babel)             in language  on input line 94.
Package babel Info: Redefining swedish shorthand "|
(babel)             in language  on input line 101.
Package babel Info: Redefining swedish shorthand "~
(babel)             in language  on input line 101.
LaTeX Font Info:    Try loading font information for OMS+ptm on input line 104.

("C:\Program Files\MiKTeX 2.9\tex\latex\psnfss\omsptm.fd"
File: omsptm.fd 
)
LaTeX Font Info:    Font shape `OMS/ptm/m/n' in size <12> not available
(Font)              Font shape `OMS/cmsy/m/n' tried instead on input line 104.
Package babel Info: Redefining swedish shorthand "|
(babel)             in language  on input line 106.
Package babel Info: Redefining swedish shorthand "~
(babel)             in language  on input line 106.
Package babel Info: Redefining swedish shorthand "|
(babel)             in language  on input line 106.
Package babel Info: Redefining swedish shorthand "~
(babel)             in language  on input line 106.
 [1


]
Package babel Info: Redefining swedish shorthand "|
(babel)             in language  on input line 111.
Package babel Info: Redefining swedish shorthand "~
(babel)             in language  on input line 111.
Package babel Info: Redefining swedish shorthand "|
(babel)             in language  on input line 115.
Package babel Info: Redefining swedish shorthand "~
(babel)             in language  on input line 115.
Package babel Info: Redefining swedish shorthand "|
(babel)             in language  on input line 115.
Package babel Info: Redefining swedish shorthand "~
(babel)             in language  on input line 115.
 [2]
Kapitel 2.
Package babel Info: Redefining swedish shorthand "|
(babel)             in language  on input line 115.
Package babel Info: Redefining swedish shorthand "~
(babel)             in language  on input line 115.
Package babel Info: Redefining swedish shorthand "|
(babel)             in language  on input line 118.
Package babel Info: Redefining swedish shorthand "~
(babel)             in language  on input line 118.
Package babel Info: Redefining swedish shorthand "|
(babel)             in language  on input line 132.
Package babel Info: Redefining swedish shorthand "~
(babel)             in language  on input line 132.
Package babel Info: Redefining swedish shorthand "|
(babel)             in language  on input line 145.
Package babel Info: Redefining swedish shorthand "~
(babel)             in language  on input line 145.
Package babel Info: Redefining swedish shorthand "|
(babel)             in language  on input line 145.
Package babel Info: Redefining swedish shorthand "~
(babel)             in language  on input line 145.
[3

]
Package babel Info: Redefining swedish shorthand "|
(babel)             in language  on input line 146.
Package babel Info: Redefining swedish shorthand "~
(babel)             in language  on input line 146.
<System.jpg, id=254, 334.24875pt x 194.7275pt>
File: System.jpg Graphic file (type jpg)
<use System.jpg>
Package pdftex.def Info: System.jpg  used on input line 158. on input line 158.

Package pdftex.def Info: Requested size: 241.84843pt x 140.90193pt on input lin
e 158.
Package babel Info: Redefining swedish shorthand "|
(babel)             in language  on input line 167.
Package babel Info: Redefining swedish shorthand "~
(babel)             in language  on input line 167.
Package babel Info: Redefining swedish shorthand "|
(babel)             in language  on input line 170.
Package babel Info: Redefining swedish shorthand "~
(babel)             in language  on input line 170.

Overfull \hbox (3.10767pt too wide) in paragraph at lines 183--183
[]|\T1/ptm/b/n/12 Programnamn| 
 []


Underfull \hbox (badness 10000) in paragraph at lines 189--189
[]|\T1/ptm/m/n/12 Bildbehandlings-
 []


Underfull \hbox (badness 2142) in paragraph at lines 191--191
[]|\T1/ptm/m/n/12 Arduino Soft-
 []


Overfull \hbox (9.9031pt too wide) in paragraph at lines 181--199
 [][] 
 []

Package babel Info: Redefining swedish shorthand "|
(babel)             in language  on input line 199.
Package babel Info: Redefining swedish shorthand "~
(babel)             in language  on input line 199.
Package babel Info: Redefining swedish shorthand "|
(babel)             in language  on input line 199.
Package babel Info: Redefining swedish shorthand "~
(babel)             in language  on input line 199.
[4 <./System.jpg>]
Package babel Info: Redefining swedish shorthand "|
(babel)             in language  on input line 205.
Package babel Info: Redefining swedish shorthand "~
(babel)             in language  on input line 205.
Package babel Info: Redefining swedish shorthand "|
(babel)             in language  on input line 205.
Package babel Info: Redefining swedish shorthand "~
(babel)             in language  on input line 205.
 [5]
Kapitel 3.
Package babel Info: Redefining swedish shorthand "|
(babel)             in language  on input line 205.
Package babel Info: Redefining swedish shorthand "~
(babel)             in language  on input line 205.
Package babel Info: Redefining swedish shorthand "|
(babel)             in language  on input line 209.
Package babel Info: Redefining swedish shorthand "~
(babel)             in language  on input line 209.
LaTeX Font Info:    Font shape `T1/ptm/bx/n' in size <14.4> not available
(Font)              Font shape `T1/ptm/b/n' tried instead on input line 212.
Package babel Info: Redefining swedish shorthand "|
(babel)             in language  on input line 212.
Package babel Info: Redefining swedish shorthand "~
(babel)             in language  on input line 212.
Package babel Info: Redefining swedish shorthand "|
(babel)             in language  on input line 227.
Package babel Info: Redefining swedish shorthand "~
(babel)             in language  on input line 227.
Package babel Info: Redefining swedish shorthand "|
(babel)             in language  on input line 233.
Package babel Info: Redefining swedish shorthand "~
(babel)             in language  on input line 233.
Package babel Info: Redefining swedish shorthand "|
(babel)             in language  on input line 233.
Package babel Info: Redefining swedish shorthand "~
(babel)             in language  on input line 233.
[6

]
Package babel Info: Redefining swedish shorthand "|
(babel)             in language  on input line 234.
Package babel Info: Redefining swedish shorthand "~
(babel)             in language  on input line 234.
Package babel Info: Redefining swedish shorthand "|
(babel)             in language  on input line 262.
Package babel Info: Redefining swedish shorthand "~
(babel)             in language  on input line 262.
Package babel Info: Redefining swedish shorthand "|
(babel)             in language  on input line 267.
Package babel Info: Redefining swedish shorthand "~
(babel)             in language  on input line 267.
Package babel Info: Redefining swedish shorthand "|
(babel)             in language  on input line 274.
Package babel Info: Redefining swedish shorthand "~
(babel)             in language  on input line 274.
Package babel Info: Redefining swedish shorthand "|
(babel)             in language  on input line 274.
Package babel Info: Redefining swedish shorthand "~
(babel)             in language  on input line 274.
 [7]
Kapitel 4.
Package babel Info: Redefining swedish shorthand "|
(babel)             in language  on input line 274.
Package babel Info: Redefining swedish shorthand "~
(babel)             in language  on input line 274.
Package babel Info: Redefining swedish shorthand "|
(babel)             in language  on input line 278.
Package babel Info: Redefining swedish shorthand "~
(babel)             in language  on input line 278.
Package babel Info: Redefining swedish shorthand "|
(babel)             in language  on input line 288.
Package babel Info: Redefining swedish shorthand "~
(babel)             in language  on input line 288.
Package babel Info: Redefining swedish shorthand "|
(babel)             in language  on input line 295.
Package babel Info: Redefining swedish shorthand "~
(babel)             in language  on input line 295.
Package babel Info: Redefining swedish shorthand "|
(babel)             in language  on input line 301.
Package babel Info: Redefining swedish shorthand "~
(babel)             in language  on input line 301.
Package babel Info: Redefining swedish shorthand "|
(babel)             in language  on input line 301.
Package babel Info: Redefining swedish shorthand "~
(babel)             in language  on input line 301.
[8

]
Package babel Info: Redefining swedish shorthand "|
(babel)             in language  on input line 310.
Package babel Info: Redefining swedish shorthand "~
(babel)             in language  on input line 310.
Package babel Info: Redefining swedish shorthand "|
(babel)             in language  on input line 313.
Package babel Info: Redefining swedish shorthand "~
(babel)             in language  on input line 313.
Package babel Info: Redefining swedish shorthand "|
(babel)             in language  on input line 316.
Package babel Info: Redefining swedish shorthand "~
(babel)             in language  on input line 316.
Package babel Info: Redefining swedish shorthand "|
(babel)             in language  on input line 325.
Package babel Info: Redefining swedish shorthand "~
(babel)             in language  on input line 325.
Package babel Info: Redefining swedish shorthand "|
(babel)             in language  on input line 327.
Package babel Info: Redefining swedish shorthand "~
(babel)             in language  on input line 327.
Package babel Info: Redefining swedish shorthand "|
(babel)             in language  on input line 330.
Package babel Info: Redefining swedish shorthand "~
(babel)             in language  on input line 330.
Package babel Info: Redefining swedish shorthand "|
(babel)             in language  on input line 330.
Package babel Info: Redefining swedish shorthand "~
(babel)             in language  on input line 330.
 [9]
Package babel Info: Redefining swedish shorthand "|
(babel)             in language  on input line 334.
Package babel Info: Redefining swedish shorthand "~
(babel)             in language  on input line 334.
Package babel Info: Redefining swedish shorthand "|
(babel)             in language  on input line 340.
Package babel Info: Redefining swedish shorthand "~
(babel)             in language  on input line 340.
Package babel Info: Redefining swedish shorthand "|
(babel)             in language  on input line 340.
Package babel Info: Redefining swedish shorthand "~
(babel)             in language  on input line 340.
 [10]
Kapitel 5.
Package babel Info: Redefining swedish shorthand "|
(babel)             in language  on input line 340.
Package babel Info: Redefining swedish shorthand "~
(babel)             in language  on input line 340.
Package babel Info: Redefining swedish shorthand "|
(babel)             in language  on input line 347.
Package babel Info: Redefining swedish shorthand "~
(babel)             in language  on input line 347.
Package babel Info: Redefining swedish shorthand "|
(babel)             in language  on input line 353.
Package babel Info: Redefining swedish shorthand "~
(babel)             in language  on input line 353.
Package babel Info: Redefining swedish shorthand "|
(babel)             in language  on input line 366.
Package babel Info: Redefining swedish shorthand "~
(babel)             in language  on input line 366.
Package babel Info: Redefining swedish shorthand "|
(babel)             in language  on input line 366.
Package babel Info: Redefining swedish shorthand "~
(babel)             in language  on input line 366.
[11

]
Kapitel 6.
Package babel Info: Redefining swedish shorthand "|
(babel)             in language  on input line 366.
Package babel Info: Redefining swedish shorthand "~
(babel)             in language  on input line 366.
("individuell rapport.bbl"
Package babel Info: Redefining swedish shorthand "|
(babel)             in language  on input line 1.
Package babel Info: Redefining swedish shorthand "~
(babel)             in language  on input line 1.
Package babel Info: Redefining swedish shorthand "|
(babel)             in language  on input line 1.
Package babel Info: Redefining swedish shorthand "~
(babel)             in language  on input line 1.
 [12

]
LaTeX Font Info:    Try loading font information for T1+pcr on input line 8.

("C:\Program Files\MiKTeX 2.9\tex\latex\psnfss\t1pcr.fd"
File: t1pcr.fd 2001/06/04 font definitions for T1/pcr.
))
Package babel Info: Redefining swedish shorthand "|
(babel)             in language  on input line 380.
Package babel Info: Redefining swedish shorthand "~
(babel)             in language  on input line 380.
Package babel Info: Redefining swedish shorthand "|
(babel)             in language  on input line 386.
Package babel Info: Redefining swedish shorthand "~
(babel)             in language  on input line 386.
Package babel Info: Redefining swedish shorthand "|
(babel)             in language  on input line 386.
Package babel Info: Redefining swedish shorthand "~
(babel)             in language  on input line 386.
 [13

]
Bilaga A.
Package babel Info: Redefining swedish shorthand "|
(babel)             in language  on input line 386.
Package babel Info: Redefining swedish shorthand "~
(babel)             in language  on input line 386.
Package babel Info: Redefining swedish shorthand "|
(babel)             in language  on input line 422.
Package babel Info: Redefining swedish shorthand "~
(babel)             in language  on input line 422.
Package babel Info: Redefining swedish shorthand "|
(babel)             in language  on input line 422.
Package babel Info: Redefining swedish shorthand "~
(babel)             in language  on input line 422.
[14

]
Bilaga B.
Package babel Info: Redefining swedish shorthand "|
(babel)             in language  on input line 422.
Package babel Info: Redefining swedish shorthand "~
(babel)             in language  on input line 422.
Package babel Info: Redefining swedish shorthand "|
(babel)             in language  on input line 424.
Package babel Info: Redefining swedish shorthand "~
(babel)             in language  on input line 424.
Package babel Info: Redefining swedish shorthand "|
(babel)             in language  on input line 424.
Package babel Info: Redefining swedish shorthand "~
(babel)             in language  on input line 424.
[15

]
Bilaga C.
Package babel Info: Redefining swedish shorthand "|
(babel)             in language  on input line 424.
Package babel Info: Redefining swedish shorthand "~
(babel)             in language  on input line 424.
Package atveryend Info: Empty hook `BeforeClearDocument' on input line 428.
Package babel Info: Redefining swedish shorthand "|
(babel)             in language  on input line 428.
Package babel Info: Redefining swedish shorthand "~
(babel)             in language  on input line 428.
Package babel Info: Redefining swedish shorthand "|
(babel)             in language  on input line 428.
Package babel Info: Redefining swedish shorthand "~
(babel)             in language  on input line 428.
[16

]
Package atveryend Info: Empty hook `AfterLastShipout' on input line 428.
 ("individuell rapport.aux")
Package atveryend Info: Executing hook `AtVeryEndDocument' on input line 428.
Package atveryend Info: Executing hook `AtEndAfterFileList' on input line 428.
Package rerunfilecheck Info: File `"individuell rapport".out' has not changed.
(rerunfilecheck)             Checksum: F232F28A9313D48F2C0E387B25788E3B;2638.
Package atveryend Info: Empty hook `AtVeryVeryEnd' on input line 428.
 ) 
Here is how much of TeX's memory you used:
 7875 strings out of 493312
 114719 string characters out of 3138873
 214447 words of memory out of 3000000
 11184 multiletter control sequences out of 15000+200000
 46039 words of font info for 59 fonts, out of 3000000 for 9000
 1141 hyphenation exceptions out of 8191
 30i,12n,65p,641b,442s stack positions out of 5000i,500n,10000p,200000b,50000s
{C:/Program Files/MiKTeX 2.9/fonts/enc/dvips/base/8r.enc}<C:/Program Files/Mi
KTeX 2.9/fonts/type1/public/amsfonts/cm/cmsy10.pfb><C:/Program Files/MiKTeX 2.9
/fonts/type1/urw/courier/ucrr8a.pfb><C:/Program Files/MiKTeX 2.9/fonts/type1/ur
w/times/utmb8a.pfb><C:/Program Files/MiKTeX 2.9/fonts/type1/urw/times/utmr8a.pf
b><C:/Program Files/MiKTeX 2.9/fonts/type1/urw/times/utmr8a.pfb><C:/Program Fil
es/MiKTeX 2.9/fonts/type1/urw/times/utmri8a.pfb>
Output written on "individuell rapport.pdf" (22 pages, 147097 bytes).
PDF statistics:
 361 PDF objects out of 1000 (max. 8388607)
 70 named destinations out of 1000 (max. 500000)
 318 words of extra memory for PDF output out of 10000 (max. 10000000)

