\BOOKMARK [0][-]{chapter*.1}{Sammanfattning}{}% 1
\BOOKMARK [0][-]{chapter*.2}{Figurer}{}% 2
\BOOKMARK [0][-]{chapter*.3}{Tabeller}{}% 3
\BOOKMARK [0][-]{chapter.1}{1 Inledning}{}% 4
\BOOKMARK [1][-]{section.1.1}{1.1 Bakgrund}{chapter.1}% 5
\BOOKMARK [1][-]{section.1.2}{1.2 Syfte}{chapter.1}% 6
\BOOKMARK [1][-]{section.1.3}{1.3 Fr\345gest\344llning}{chapter.1}% 7
\BOOKMARK [1][-]{section.1.4}{1.4 Avgr\344nsningar}{chapter.1}% 8
\BOOKMARK [0][-]{chapter.2}{2 System och tekniska l\366sningar}{}% 9
\BOOKMARK [1][-]{section.2.1}{2.1 Grundl\344ggande, initiala krav och systembegr\344nsningar}{chapter.2}% 10
\BOOKMARK [1][-]{section.2.2}{2.2 M\345lplattform}{chapter.2}% 11
\BOOKMARK [1][-]{section.2.3}{2.3 Grundl\344ggande system-arkitektur}{chapter.2}% 12
\BOOKMARK [1][-]{section.2.4}{2.4 Standarder}{chapter.2}% 13
\BOOKMARK [1][-]{section.2.5}{2.5 Utvecklings-milj\366}{chapter.2}% 14
\BOOKMARK [0][-]{chapter.3}{3 Projekthantering}{}% 15
\BOOKMARK [1][-]{section.3.1}{3.1 Utvecklingsmetodik}{chapter.3}% 16
\BOOKMARK [1][-]{section.3.2}{3.2 Organisation}{chapter.3}% 17
\BOOKMARK [1][-]{section.3.3}{3.3 Tidsplan}{chapter.3}% 18
\BOOKMARK [1][-]{section.3.4}{3.4 Milestones och leverabler}{chapter.3}% 19
\BOOKMARK [0][-]{chapter.4}{4 Rutiner och principer}{}% 20
\BOOKMARK [1][-]{section.4.1}{4.1 M\366tesprinciper och rutiner}{chapter.4}% 21
\BOOKMARK [1][-]{section.4.2}{4.2 Kravhantering och -s\345rning}{chapter.4}% 22
\BOOKMARK [1][-]{section.4.3}{4.3 Versionshantering, -system och rutiner}{chapter.4}% 23
\BOOKMARK [1][-]{section.4.4}{4.4 Arkitektur- och programdesign, standarder och rutiner}{chapter.4}% 24
\BOOKMARK [1][-]{section.4.5}{4.5 Dokumentationsprinciper och rutiner}{chapter.4}% 25
\BOOKMARK [2][-]{subsection.4.5.1}{4.5.1 Programkod}{section.4.5}% 26
\BOOKMARK [2][-]{subsection.4.5.2}{4.5.2 M\366ten}{section.4.5}% 27
\BOOKMARK [2][-]{subsection.4.5.3}{4.5.3 Slutproduktion}{section.4.5}% 28
\BOOKMARK [1][-]{section.4.6}{4.6 Kvalitetss\344kring}{chapter.4}% 29
\BOOKMARK [0][-]{chapter.5}{5 Analys och diskussion}{}% 30
\BOOKMARK [1][-]{section.5.1}{5.1 Resultat}{chapter.5}% 31
\BOOKMARK [1][-]{section.5.2}{5.2 Arbetet i ett vidare sammanhang}{chapter.5}% 32
\BOOKMARK [0][-]{chapter.6}{6 Slutsatser}{}% 33
\BOOKMARK [0][-]{chapter*.5}{Litteraturf\366rteckning}{}% 34
\BOOKMARK [0][-]{appendix.A}{A Kravspecifikation}{}% 35
\BOOKMARK [0][-]{appendix.B}{B Protokoll mall}{}% 36
\BOOKMARK [0][-]{appendix.C}{C Ordlista}{}% 37
